2017-08-08 11:03:19.494  INFO 12276 --- [main] com.jedi.EurekaServiceApplicationTests   : No active profile set, falling back to default profiles: default
2017-08-08 11:03:19.501  INFO 12276 --- [main] o.s.w.c.s.GenericWebApplicationContext   : Refreshing org.springframework.web.context.support.GenericWebApplicationContext@4e1bd77f: startup date [Tue Aug 08 11:03:19 CST 2017]; parent: org.springframework.context.annotation.AnnotationConfigApplicationContext@4d53ae47
2017-08-08 11:03:20.626  INFO 12276 --- [main] o.s.cloud.context.scope.GenericScope     : BeanFactory id=cc9aaefe-d02f-3b91-8f58-4ab55fa929b4
2017-08-08 11:03:20.711  INFO 12276 --- [main] f.a.AutowiredAnnotationBeanPostProcessor : JSR-330 'javax.inject.Inject' annotation found and supported for autowiring
2017-08-08 11:03:20.775  INFO 12276 --- [main] trationDelegate$BeanPostProcessorChecker : Bean 'org.springframework.cloud.netflix.metrics.MetricsInterceptorConfiguration$MetricsRestTemplateConfiguration' of type [org.springframework.cloud.netflix.metrics.MetricsInterceptorConfiguration$MetricsRestTemplateConfiguration$$EnhancerBySpringCGLIB$$ad80be6e] is not eligible for getting processed by all BeanPostProcessors (for example: not eligible for auto-proxying)
2017-08-08 11:03:20.786  INFO 12276 --- [main] trationDelegate$BeanPostProcessorChecker : Bean 'org.springframework.cloud.autoconfigure.ConfigurationPropertiesRebinderAutoConfiguration' of type [org.springframework.cloud.autoconfigure.ConfigurationPropertiesRebinderAutoConfiguration$$EnhancerBySpringCGLIB$$976e1b2a] is not eligible for getting processed by all BeanPostProcessors (for example: not eligible for auto-proxying)
2017-08-08 11:03:21.390  WARN 12276 --- [main] c.n.c.sources.URLConfigurationSource     : No URLs will be polled as dynamic configuration sources.
2017-08-08 11:03:21.390  INFO 12276 --- [main] c.n.c.sources.URLConfigurationSource     : To enable URLs as dynamic configuration sources, define System property archaius.configurationSource.additionalUrls or make config.properties available on classpath.
2017-08-08 11:03:21.395  WARN 12276 --- [main] c.n.c.sources.URLConfigurationSource     : No URLs will be polled as dynamic configuration sources.
2017-08-08 11:03:21.396  INFO 12276 --- [main] c.n.c.sources.URLConfigurationSource     : To enable URLs as dynamic configuration sources, define System property archaius.configurationSource.additionalUrls or make config.properties available on classpath.
2017-08-08 11:03:21.795  INFO 12276 --- [main] s.w.s.m.m.a.RequestMappingHandlerAdapter : Looking for @ControllerAdvice: org.springframework.web.context.support.GenericWebApplicationContext@4e1bd77f: startup date [Tue Aug 08 11:03:19 CST 2017]; parent: org.springframework.context.annotation.AnnotationConfigApplicationContext@4d53ae47
2017-08-08 11:03:21.927  INFO 12276 --- [main] s.w.s.m.m.a.RequestMappingHandlerMapping : Mapped "{[/error]}" onto public org.springframework.http.ResponseEntity<java.util.Map<java.lang.String, java.lang.Object>> org.springframework.boot.autoconfigure.web.BasicErrorController.error(javax.servlet.http.HttpServletRequest)
2017-08-08 11:03:21.929  INFO 12276 --- [main] s.w.s.m.m.a.RequestMappingHandlerMapping : Mapped "{[/error],produces=[text/html]}" onto public org.springframework.web.servlet.ModelAndView org.springframework.boot.autoconfigure.web.BasicErrorController.errorHtml(javax.servlet.http.HttpServletRequest,javax.servlet.http.HttpServletResponse)
2017-08-08 11:03:21.952  INFO 12276 --- [main] s.w.s.m.m.a.RequestMappingHandlerMapping : Mapped "{[/],methods=[GET]}" onto public java.lang.String org.springframework.cloud.netflix.eureka.server.EurekaController.status(javax.servlet.http.HttpServletRequest,java.util.Map<java.lang.String, java.lang.Object>)
2017-08-08 11:03:21.953  INFO 12276 --- [main] s.w.s.m.m.a.RequestMappingHandlerMapping : Mapped "{[/lastn],methods=[GET]}" onto public java.lang.String org.springframework.cloud.netflix.eureka.server.EurekaController.lastn(javax.servlet.http.HttpServletRequest,java.util.Map<java.lang.String, java.lang.Object>)
2017-08-08 11:03:21.991  INFO 12276 --- [main] o.s.w.s.handler.SimpleUrlHandlerMapping  : Mapped URL path [/webjars/**] onto handler of type [class org.springframework.web.servlet.resource.ResourceHttpRequestHandler]
2017-08-08 11:03:21.991  INFO 12276 --- [main] o.s.w.s.handler.SimpleUrlHandlerMapping  : Mapped URL path [/**] onto handler of type [class org.springframework.web.servlet.resource.ResourceHttpRequestHandler]
2017-08-08 11:03:22.039  INFO 12276 --- [main] o.s.w.s.handler.SimpleUrlHandlerMapping  : Mapped URL path [/**/favicon.ico] onto handler of type [class org.springframework.web.servlet.resource.ResourceHttpRequestHandler]
2017-08-08 11:03:22.668  INFO 12276 --- [main] o.s.b.a.e.mvc.EndpointHandlerMapping     : Mapped "{[/service-registry/instance-status],methods=[POST]}" onto public org.springframework.http.ResponseEntity<?> org.springframework.cloud.client.serviceregistry.endpoint.ServiceRegistryEndpoint.setStatus(java.lang.String)
2017-08-08 11:03:22.668  INFO 12276 --- [main] o.s.b.a.e.mvc.EndpointHandlerMapping     : Mapped "{[/service-registry/instance-status],methods=[GET]}" onto public org.springframework.http.ResponseEntity org.springframework.cloud.client.serviceregistry.endpoint.ServiceRegistryEndpoint.getStatus()
2017-08-08 11:03:22.669  INFO 12276 --- [main] o.s.b.a.e.mvc.EndpointHandlerMapping     : Mapped "{[/trace || /trace.json],methods=[GET],produces=[application/vnd.spring-boot.actuator.v1+json || application/json]}" onto public java.lang.Object org.springframework.boot.actuate.endpoint.mvc.EndpointMvcAdapter.invoke()
2017-08-08 11:03:22.670  INFO 12276 --- [main] o.s.b.a.e.mvc.EndpointHandlerMapping     : Mapped "{[/info || /info.json],methods=[GET],produces=[application/vnd.spring-boot.actuator.v1+json || application/json]}" onto public java.lang.Object org.springframework.boot.actuate.endpoint.mvc.EndpointMvcAdapter.invoke()
2017-08-08 11:03:22.671  INFO 12276 --- [main] o.s.b.a.e.mvc.EndpointHandlerMapping     : Mapped "{[/mappings || /mappings.json],methods=[GET],produces=[application/vnd.spring-boot.actuator.v1+json || application/json]}" onto public java.lang.Object org.springframework.boot.actuate.endpoint.mvc.EndpointMvcAdapter.invoke()
2017-08-08 11:03:22.672  INFO 12276 --- [main] o.s.b.a.e.mvc.EndpointHandlerMapping     : Mapped "{[/resume || /resume.json],methods=[POST]}" onto public java.lang.Object org.springframework.cloud.endpoint.GenericPostableMvcEndpoint.invoke()
2017-08-08 11:03:22.673  INFO 12276 --- [main] o.s.b.a.e.mvc.EndpointHandlerMapping     : Mapped "{[/env],methods=[POST]}" onto public java.lang.Object org.springframework.cloud.context.environment.EnvironmentManagerMvcEndpoint.value(java.util.Map<java.lang.String, java.lang.String>)
2017-08-08 11:03:22.674  INFO 12276 --- [main] o.s.b.a.e.mvc.EndpointHandlerMapping     : Mapped "{[/env/reset],methods=[POST]}" onto public java.util.Map<java.lang.String, java.lang.Object> org.springframework.cloud.context.environment.EnvironmentManagerMvcEndpoint.reset()
2017-08-08 11:03:22.680  INFO 12276 --- [main] o.s.b.a.e.mvc.EndpointHandlerMapping     : Mapped "{[/metrics/{name:.*}],methods=[GET],produces=[application/vnd.spring-boot.actuator.v1+json || application/json]}" onto public java.lang.Object org.springframework.boot.actuate.endpoint.mvc.MetricsMvcEndpoint.value(java.lang.String)
2017-08-08 11:03:22.680  INFO 12276 --- [main] o.s.b.a.e.mvc.EndpointHandlerMapping     : Mapped "{[/metrics || /metrics.json],methods=[GET],produces=[application/vnd.spring-boot.actuator.v1+json || application/json]}" onto public java.lang.Object org.springframework.boot.actuate.endpoint.mvc.EndpointMvcAdapter.invoke()
2017-08-08 11:03:22.681  INFO 12276 --- [main] o.s.b.a.e.mvc.EndpointHandlerMapping     : Mapped "{[/refresh || /refresh.json],methods=[POST]}" onto public java.lang.Object org.springframework.cloud.endpoint.GenericPostableMvcEndpoint.invoke()
2017-08-08 11:03:22.683  INFO 12276 --- [main] o.s.b.a.e.mvc.EndpointHandlerMapping     : Mapped "{[/env/{name:.*}],methods=[GET],produces=[application/vnd.spring-boot.actuator.v1+json || application/json]}" onto public java.lang.Object org.springframework.boot.actuate.endpoint.mvc.EnvironmentMvcEndpoint.value(java.lang.String)
2017-08-08 11:03:22.684  INFO 12276 --- [main] o.s.b.a.e.mvc.EndpointHandlerMapping     : Mapped "{[/env || /env.json],methods=[GET],produces=[application/vnd.spring-boot.actuator.v1+json || application/json]}" onto public java.lang.Object org.springframework.boot.actuate.endpoint.mvc.EndpointMvcAdapter.invoke()
2017-08-08 11:03:22.684  INFO 12276 --- [main] o.s.b.a.e.mvc.EndpointHandlerMapping     : Mapped "{[/archaius || /archaius.json],methods=[GET],produces=[application/vnd.spring-boot.actuator.v1+json || application/json]}" onto public java.lang.Object org.springframework.boot.actuate.endpoint.mvc.EndpointMvcAdapter.invoke()
2017-08-08 11:03:22.685  INFO 12276 --- [main] o.s.b.a.e.mvc.EndpointHandlerMapping     : Mapped "{[/dump || /dump.json],methods=[GET],produces=[application/vnd.spring-boot.actuator.v1+json || application/json]}" onto public java.lang.Object org.springframework.boot.actuate.endpoint.mvc.EndpointMvcAdapter.invoke()
2017-08-08 11:03:22.686  INFO 12276 --- [main] o.s.b.a.e.mvc.EndpointHandlerMapping     : Mapped "{[/autoconfig || /autoconfig.json],methods=[GET],produces=[application/vnd.spring-boot.actuator.v1+json || application/json]}" onto public java.lang.Object org.springframework.boot.actuate.endpoint.mvc.EndpointMvcAdapter.invoke()
2017-08-08 11:03:22.687  INFO 12276 --- [main] o.s.b.a.e.mvc.EndpointHandlerMapping     : Mapped "{[/heapdump || /heapdump.json],methods=[GET],produces=[application/octet-stream]}" onto public void org.springframework.boot.actuate.endpoint.mvc.HeapdumpMvcEndpoint.invoke(boolean,javax.servlet.http.HttpServletRequest,javax.servlet.http.HttpServletResponse) throws java.io.IOException,javax.servlet.ServletException
2017-08-08 11:03:22.687  INFO 12276 --- [main] o.s.b.a.e.mvc.EndpointHandlerMapping     : Mapped "{[/configprops || /configprops.json],methods=[GET],produces=[application/vnd.spring-boot.actuator.v1+json || application/json]}" onto public java.lang.Object org.springframework.boot.actuate.endpoint.mvc.EndpointMvcAdapter.invoke()
2017-08-08 11:03:22.689  INFO 12276 --- [main] o.s.b.a.e.mvc.EndpointHandlerMapping     : Mapped "{[/loggers/{name:.*}],methods=[GET],produces=[application/vnd.spring-boot.actuator.v1+json || application/json]}" onto public java.lang.Object org.springframework.boot.actuate.endpoint.mvc.LoggersMvcEndpoint.get(java.lang.String)
2017-08-08 11:03:22.690  INFO 12276 --- [main] o.s.b.a.e.mvc.EndpointHandlerMapping     : Mapped "{[/loggers/{name:.*}],methods=[POST],consumes=[application/vnd.spring-boot.actuator.v1+json || application/json],produces=[application/vnd.spring-boot.actuator.v1+json || application/json]}" onto public java.lang.Object org.springframework.boot.actuate.endpoint.mvc.LoggersMvcEndpoint.set(java.lang.String,java.util.Map<java.lang.String, java.lang.String>)
2017-08-08 11:03:22.690  INFO 12276 --- [main] o.s.b.a.e.mvc.EndpointHandlerMapping     : Mapped "{[/loggers || /loggers.json],methods=[GET],produces=[application/vnd.spring-boot.actuator.v1+json || application/json]}" onto public java.lang.Object org.springframework.boot.actuate.endpoint.mvc.EndpointMvcAdapter.invoke()
2017-08-08 11:03:22.692  INFO 12276 --- [main] o.s.b.a.e.mvc.EndpointHandlerMapping     : Mapped "{[/restart || /restart.json],methods=[POST]}" onto public java.lang.Object org.springframework.cloud.context.restart.RestartMvcEndpoint.invoke()
2017-08-08 11:03:22.693  INFO 12276 --- [main] o.s.b.a.e.mvc.EndpointHandlerMapping     : Mapped "{[/auditevents || /auditevents.json],methods=[GET],produces=[application/vnd.spring-boot.actuator.v1+json || application/json]}" onto public org.springframework.http.ResponseEntity<?> org.springframework.boot.actuate.endpoint.mvc.AuditEventsMvcEndpoint.findByPrincipalAndAfterAndType(java.lang.String,java.util.Date,java.lang.String)
2017-08-08 11:03:22.694  INFO 12276 --- [main] o.s.b.a.e.mvc.EndpointHandlerMapping     : Mapped "{[/beans || /beans.json],methods=[GET],produces=[application/vnd.spring-boot.actuator.v1+json || application/json]}" onto public java.lang.Object org.springframework.boot.actuate.endpoint.mvc.EndpointMvcAdapter.invoke()
2017-08-08 11:03:22.695  INFO 12276 --- [main] o.s.b.a.e.mvc.EndpointHandlerMapping     : Mapped "{[/logfile || /logfile.json],methods=[GET || HEAD]}" onto public void org.springframework.boot.actuate.endpoint.mvc.LogFileMvcEndpoint.invoke(javax.servlet.http.HttpServletRequest,javax.servlet.http.HttpServletResponse) throws javax.servlet.ServletException,java.io.IOException
2017-08-08 11:03:22.695  INFO 12276 --- [main] o.s.b.a.e.mvc.EndpointHandlerMapping     : Mapped "{[/features || /features.json],methods=[GET],produces=[application/vnd.spring-boot.actuator.v1+json || application/json]}" onto public java.lang.Object org.springframework.boot.actuate.endpoint.mvc.EndpointMvcAdapter.invoke()
2017-08-08 11:03:22.697  INFO 12276 --- [main] o.s.b.a.e.mvc.EndpointHandlerMapping     : Mapped "{[/pause || /pause.json],methods=[POST]}" onto public java.lang.Object org.springframework.cloud.endpoint.GenericPostableMvcEndpoint.invoke()
2017-08-08 11:03:22.698  INFO 12276 --- [main] o.s.b.a.e.mvc.EndpointHandlerMapping     : Mapped "{[/health || /health.json],methods=[GET],produces=[application/vnd.spring-boot.actuator.v1+json || application/json]}" onto public java.lang.Object org.springframework.boot.actuate.endpoint.mvc.HealthMvcEndpoint.invoke(javax.servlet.http.HttpServletRequest,java.security.Principal)
2017-08-08 11:03:22.859  INFO 12276 --- [main] o.s.ui.freemarker.SpringTemplateLoader   : SpringTemplateLoader for FreeMarker: using resource loader [org.springframework.web.context.support.GenericWebApplicationContext@4e1bd77f: startup date [Tue Aug 08 11:03:19 CST 2017]; parent: org.springframework.context.annotation.AnnotationConfigApplicationContext@4d53ae47] and template loader path [classpath:/templates/]
2017-08-08 11:03:22.860  INFO 12276 --- [main] o.s.w.s.v.f.FreeMarkerConfigurer         : ClassTemplateLoader for Spring macros added to FreeMarker configuration
2017-08-08 11:03:23.121  INFO 12276 --- [main] o.s.c.n.eureka.InstanceInfoFactory       : Setting initial instance status as: STARTING
2017-08-08 11:03:23.162  INFO 12276 --- [main] com.netflix.discovery.DiscoveryClient    : Initializing Eureka in region us-east-1
2017-08-08 11:03:23.164  INFO 12276 --- [main] com.netflix.discovery.DiscoveryClient    : Client configured to neither register nor query for data.
2017-08-08 11:03:23.176  INFO 12276 --- [main] com.netflix.discovery.DiscoveryClient    : Discovery Client initialized at timestamp 1502161403176 with initial instances count: 0
2017-08-08 11:03:23.258  INFO 12276 --- [main] c.n.eureka.DefaultEurekaServerContext    : Initializing ...
2017-08-08 11:03:23.260  INFO 12276 --- [main] c.n.eureka.cluster.PeerEurekaNodes       : Adding new peer nodes [http://192.168.1.100:-1/eureka/]
2017-08-08 11:03:23.514  INFO 12276 --- [main] c.n.d.provider.DiscoveryJerseyProvider   : Using JSON encoding codec LegacyJacksonJson
2017-08-08 11:03:23.515  INFO 12276 --- [main] c.n.d.provider.DiscoveryJerseyProvider   : Using JSON decoding codec LegacyJacksonJson
2017-08-08 11:03:23.515  INFO 12276 --- [main] c.n.d.provider.DiscoveryJerseyProvider   : Using XML encoding codec XStreamXml
2017-08-08 11:03:23.515  INFO 12276 --- [main] c.n.d.provider.DiscoveryJerseyProvider   : Using XML decoding codec XStreamXml
2017-08-08 11:03:23.720  INFO 12276 --- [main] c.n.eureka.cluster.PeerEurekaNodes       : Replica node URL:  http://192.168.1.100:-1/eureka/
2017-08-08 11:03:23.727  INFO 12276 --- [main] c.n.e.registry.AbstractInstanceRegistry  : Finished initializing remote region registries. All known remote regions: []
2017-08-08 11:03:23.728  INFO 12276 --- [main] c.n.eureka.DefaultEurekaServerContext    : Initialized
2017-08-08 11:03:24.283  INFO 12276 --- [main] o.s.c.support.DefaultLifecycleProcessor  : Starting beans in phase 0
2017-08-08 11:03:24.284  INFO 12276 --- [Thread-11] o.s.c.n.e.server.EurekaServerBootstrap   : Setting the eureka configuration..
2017-08-08 11:03:24.285  INFO 12276 --- [Thread-11] o.s.c.n.e.server.EurekaServerBootstrap   : Eureka data center value eureka.datacenter is not set, defaulting to default
2017-08-08 11:03:24.285  INFO 12276 --- [Thread-11] o.s.c.n.e.server.EurekaServerBootstrap   : Eureka environment value eureka.environment is not set, defaulting to test
2017-08-08 11:03:24.299  INFO 12276 --- [Thread-11] o.s.c.n.e.server.EurekaServerBootstrap   : isAws returned false
2017-08-08 11:03:24.299  INFO 12276 --- [Thread-11] o.s.c.n.e.server.EurekaServerBootstrap   : Initialized server context
2017-08-08 11:03:24.300  INFO 12276 --- [Thread-11] c.n.e.r.PeerAwareInstanceRegistryImpl    : Got 1 instances from neighboring DS node
2017-08-08 11:03:24.300  INFO 12276 --- [Thread-11] c.n.e.r.PeerAwareInstanceRegistryImpl    : Renew threshold is: 1
2017-08-08 11:03:24.300  INFO 12276 --- [Thread-11] c.n.e.r.PeerAwareInstanceRegistryImpl    : Changing status to UP
2017-08-08 11:03:24.326  INFO 12276 --- [main] com.jedi.EurekaServiceApplicationTests   : Started EurekaServiceApplicationTests in 5.987 seconds (JVM running for 6.703)
2017-08-08 11:03:24.327  INFO 12276 --- [Thread-11] e.s.EurekaServerInitializerConfiguration : Started Eureka Server
2017-08-08 11:03:24.383  INFO 12276 --- [Thread-12] o.s.w.c.s.GenericWebApplicationContext   : Closing org.springframework.web.context.support.GenericWebApplicationContext@4e1bd77f: startup date [Tue Aug 08 11:03:19 CST 2017]; parent: org.springframework.context.annotation.AnnotationConfigApplicationContext@4d53ae47
2017-08-08 11:03:24.384  INFO 12276 --- [Thread-12] o.s.c.n.e.s.EurekaServiceRegistry        : Unregistering application eureka-server with eureka with status DOWN
2017-08-08 11:03:24.384  INFO 12276 --- [Thread-12] com.netflix.discovery.DiscoveryClient    : Shutting down DiscoveryClient ...
2017-08-08 11:03:24.384  INFO 12276 --- [Thread-12] com.netflix.discovery.DiscoveryClient    : Completed shut down of DiscoveryClient
2017-08-08 11:03:24.386  INFO 12276 --- [Thread-12] o.s.c.support.DefaultLifecycleProcessor  : Stopping beans in phase 0
2017-08-08 11:03:24.387  INFO 12276 --- [Thread-12] c.n.eureka.DefaultEurekaServerContext    : Shutting down ...
2017-08-08 11:03:24.389  INFO 12276 --- [Thread-12] c.n.eureka.DefaultEurekaServerContext    : Shut down
2017-08-08 11:19:52.734  INFO 10356 --- [main] com.jedi.EurekaServiceApplicationTests   : No active profile set, falling back to default profiles: default
2017-08-08 11:19:52.740  INFO 10356 --- [main] o.s.w.c.s.GenericWebApplicationContext   : Refreshing org.springframework.web.context.support.GenericWebApplicationContext@31977370: startup date [Tue Aug 08 11:19:52 CST 2017]; parent: org.springframework.context.annotation.AnnotationConfigApplicationContext@2a6e1eba
2017-08-08 11:19:53.902  INFO 10356 --- [main] o.s.cloud.context.scope.GenericScope     : BeanFactory id=cc9aaefe-d02f-3b91-8f58-4ab55fa929b4
2017-08-08 11:19:53.985  INFO 10356 --- [main] f.a.AutowiredAnnotationBeanPostProcessor : JSR-330 'javax.inject.Inject' annotation found and supported for autowiring
2017-08-08 11:19:54.051  INFO 10356 --- [main] trationDelegate$BeanPostProcessorChecker : Bean 'org.springframework.cloud.netflix.metrics.MetricsInterceptorConfiguration$MetricsRestTemplateConfiguration' of type [org.springframework.cloud.netflix.metrics.MetricsInterceptorConfiguration$MetricsRestTemplateConfiguration$$EnhancerBySpringCGLIB$$333ef5bf] is not eligible for getting processed by all BeanPostProcessors (for example: not eligible for auto-proxying)
2017-08-08 11:19:54.062  INFO 10356 --- [main] trationDelegate$BeanPostProcessorChecker : Bean 'org.springframework.cloud.autoconfigure.ConfigurationPropertiesRebinderAutoConfiguration' of type [org.springframework.cloud.autoconfigure.ConfigurationPropertiesRebinderAutoConfiguration$$EnhancerBySpringCGLIB$$1d2c527b] is not eligible for getting processed by all BeanPostProcessors (for example: not eligible for auto-proxying)
2017-08-08 11:19:54.667  WARN 10356 --- [main] c.n.c.sources.URLConfigurationSource     : No URLs will be polled as dynamic configuration sources.
2017-08-08 11:19:54.668  INFO 10356 --- [main] c.n.c.sources.URLConfigurationSource     : To enable URLs as dynamic configuration sources, define System property archaius.configurationSource.additionalUrls or make config.properties available on classpath.
2017-08-08 11:19:54.676  WARN 10356 --- [main] c.n.c.sources.URLConfigurationSource     : No URLs will be polled as dynamic configuration sources.
2017-08-08 11:19:54.676  INFO 10356 --- [main] c.n.c.sources.URLConfigurationSource     : To enable URLs as dynamic configuration sources, define System property archaius.configurationSource.additionalUrls or make config.properties available on classpath.
2017-08-08 11:19:55.078  INFO 10356 --- [main] s.w.s.m.m.a.RequestMappingHandlerAdapter : Looking for @ControllerAdvice: org.springframework.web.context.support.GenericWebApplicationContext@31977370: startup date [Tue Aug 08 11:19:52 CST 2017]; parent: org.springframework.context.annotation.AnnotationConfigApplicationContext@2a6e1eba
2017-08-08 11:19:55.212  INFO 10356 --- [main] s.w.s.m.m.a.RequestMappingHandlerMapping : Mapped "{[/error]}" onto public org.springframework.http.ResponseEntity<java.util.Map<java.lang.String, java.lang.Object>> org.springframework.boot.autoconfigure.web.BasicErrorController.error(javax.servlet.http.HttpServletRequest)
2017-08-08 11:19:55.214  INFO 10356 --- [main] s.w.s.m.m.a.RequestMappingHandlerMapping : Mapped "{[/error],produces=[text/html]}" onto public org.springframework.web.servlet.ModelAndView org.springframework.boot.autoconfigure.web.BasicErrorController.errorHtml(javax.servlet.http.HttpServletRequest,javax.servlet.http.HttpServletResponse)
2017-08-08 11:19:55.239  INFO 10356 --- [main] s.w.s.m.m.a.RequestMappingHandlerMapping : Mapped "{[/],methods=[GET]}" onto public java.lang.String org.springframework.cloud.netflix.eureka.server.EurekaController.status(javax.servlet.http.HttpServletRequest,java.util.Map<java.lang.String, java.lang.Object>)
2017-08-08 11:19:55.239  INFO 10356 --- [main] s.w.s.m.m.a.RequestMappingHandlerMapping : Mapped "{[/lastn],methods=[GET]}" onto public java.lang.String org.springframework.cloud.netflix.eureka.server.EurekaController.lastn(javax.servlet.http.HttpServletRequest,java.util.Map<java.lang.String, java.lang.Object>)
2017-08-08 11:19:55.275  INFO 10356 --- [main] o.s.w.s.handler.SimpleUrlHandlerMapping  : Mapped URL path [/webjars/**] onto handler of type [class org.springframework.web.servlet.resource.ResourceHttpRequestHandler]
2017-08-08 11:19:55.275  INFO 10356 --- [main] o.s.w.s.handler.SimpleUrlHandlerMapping  : Mapped URL path [/**] onto handler of type [class org.springframework.web.servlet.resource.ResourceHttpRequestHandler]
2017-08-08 11:19:55.327  INFO 10356 --- [main] o.s.w.s.handler.SimpleUrlHandlerMapping  : Mapped URL path [/**/favicon.ico] onto handler of type [class org.springframework.web.servlet.resource.ResourceHttpRequestHandler]
2017-08-08 11:19:55.963  INFO 10356 --- [main] o.s.b.a.e.mvc.EndpointHandlerMapping     : Mapped "{[/health || /health.json],methods=[GET],produces=[application/vnd.spring-boot.actuator.v1+json || application/json]}" onto public java.lang.Object org.springframework.boot.actuate.endpoint.mvc.HealthMvcEndpoint.invoke(javax.servlet.http.HttpServletRequest,java.security.Principal)
2017-08-08 11:19:55.964  INFO 10356 --- [main] o.s.b.a.e.mvc.EndpointHandlerMapping     : Mapped "{[/service-registry/instance-status],methods=[POST]}" onto public org.springframework.http.ResponseEntity<?> org.springframework.cloud.client.serviceregistry.endpoint.ServiceRegistryEndpoint.setStatus(java.lang.String)
2017-08-08 11:19:55.964  INFO 10356 --- [main] o.s.b.a.e.mvc.EndpointHandlerMapping     : Mapped "{[/service-registry/instance-status],methods=[GET]}" onto public org.springframework.http.ResponseEntity org.springframework.cloud.client.serviceregistry.endpoint.ServiceRegistryEndpoint.getStatus()
2017-08-08 11:19:55.965  INFO 10356 --- [main] o.s.b.a.e.mvc.EndpointHandlerMapping     : Mapped "{[/env],methods=[POST]}" onto public java.lang.Object org.springframework.cloud.context.environment.EnvironmentManagerMvcEndpoint.value(java.util.Map<java.lang.String, java.lang.String>)
2017-08-08 11:19:55.965  INFO 10356 --- [main] o.s.b.a.e.mvc.EndpointHandlerMapping     : Mapped "{[/env/reset],methods=[POST]}" onto public java.util.Map<java.lang.String, java.lang.Object> org.springframework.cloud.context.environment.EnvironmentManagerMvcEndpoint.reset()
2017-08-08 11:19:55.966  INFO 10356 --- [main] o.s.b.a.e.mvc.EndpointHandlerMapping     : Mapped "{[/env/{name:.*}],methods=[GET],produces=[application/vnd.spring-boot.actuator.v1+json || application/json]}" onto public java.lang.Object org.springframework.boot.actuate.endpoint.mvc.EnvironmentMvcEndpoint.value(java.lang.String)
2017-08-08 11:19:55.967  INFO 10356 --- [main] o.s.b.a.e.mvc.EndpointHandlerMapping     : Mapped "{[/env || /env.json],methods=[GET],produces=[application/vnd.spring-boot.actuator.v1+json || application/json]}" onto public java.lang.Object org.springframework.boot.actuate.endpoint.mvc.EndpointMvcAdapter.invoke()
2017-08-08 11:19:55.967  INFO 10356 --- [main] o.s.b.a.e.mvc.EndpointHandlerMapping     : Mapped "{[/pause || /pause.json],methods=[POST]}" onto public java.lang.Object org.springframework.cloud.endpoint.GenericPostableMvcEndpoint.invoke()
2017-08-08 11:19:55.968  INFO 10356 --- [main] o.s.b.a.e.mvc.EndpointHandlerMapping     : Mapped "{[/heapdump || /heapdump.json],methods=[GET],produces=[application/octet-stream]}" onto public void org.springframework.boot.actuate.endpoint.mvc.HeapdumpMvcEndpoint.invoke(boolean,javax.servlet.http.HttpServletRequest,javax.servlet.http.HttpServletResponse) throws java.io.IOException,javax.servlet.ServletException
2017-08-08 11:19:55.969  INFO 10356 --- [main] o.s.b.a.e.mvc.EndpointHandlerMapping     : Mapped "{[/info || /info.json],methods=[GET],produces=[application/vnd.spring-boot.actuator.v1+json || application/json]}" onto public java.lang.Object org.springframework.boot.actuate.endpoint.mvc.EndpointMvcAdapter.invoke()
2017-08-08 11:19:55.970  INFO 10356 --- [main] o.s.b.a.e.mvc.EndpointHandlerMapping     : Mapped "{[/configprops || /configprops.json],methods=[GET],produces=[application/vnd.spring-boot.actuator.v1+json || application/json]}" onto public java.lang.Object org.springframework.boot.actuate.endpoint.mvc.EndpointMvcAdapter.invoke()
2017-08-08 11:19:55.970  INFO 10356 --- [main] o.s.b.a.e.mvc.EndpointHandlerMapping     : Mapped "{[/logfile || /logfile.json],methods=[GET || HEAD]}" onto public void org.springframework.boot.actuate.endpoint.mvc.LogFileMvcEndpoint.invoke(javax.servlet.http.HttpServletRequest,javax.servlet.http.HttpServletResponse) throws javax.servlet.ServletException,java.io.IOException
2017-08-08 11:19:55.971  INFO 10356 --- [main] o.s.b.a.e.mvc.EndpointHandlerMapping     : Mapped "{[/features || /features.json],methods=[GET],produces=[application/vnd.spring-boot.actuator.v1+json || application/json]}" onto public java.lang.Object org.springframework.boot.actuate.endpoint.mvc.EndpointMvcAdapter.invoke()
2017-08-08 11:19:55.979  INFO 10356 --- [main] o.s.b.a.e.mvc.EndpointHandlerMapping     : Mapped "{[/resume || /resume.json],methods=[POST]}" onto public java.lang.Object org.springframework.cloud.endpoint.GenericPostableMvcEndpoint.invoke()
2017-08-08 11:19:55.980  INFO 10356 --- [main] o.s.b.a.e.mvc.EndpointHandlerMapping     : Mapped "{[/refresh || /refresh.json],methods=[POST]}" onto public java.lang.Object org.springframework.cloud.endpoint.GenericPostableMvcEndpoint.invoke()
2017-08-08 11:19:55.981  INFO 10356 --- [main] o.s.b.a.e.mvc.EndpointHandlerMapping     : Mapped "{[/restart || /restart.json],methods=[POST]}" onto public java.lang.Object org.springframework.cloud.context.restart.RestartMvcEndpoint.invoke()
2017-08-08 11:19:55.983  INFO 10356 --- [main] o.s.b.a.e.mvc.EndpointHandlerMapping     : Mapped "{[/autoconfig || /autoconfig.json],methods=[GET],produces=[application/vnd.spring-boot.actuator.v1+json || application/json]}" onto public java.lang.Object org.springframework.boot.actuate.endpoint.mvc.EndpointMvcAdapter.invoke()
2017-08-08 11:19:55.985  INFO 10356 --- [main] o.s.b.a.e.mvc.EndpointHandlerMapping     : Mapped "{[/loggers/{name:.*}],methods=[GET],produces=[application/vnd.spring-boot.actuator.v1+json || application/json]}" onto public java.lang.Object org.springframework.boot.actuate.endpoint.mvc.LoggersMvcEndpoint.get(java.lang.String)
2017-08-08 11:19:55.985  INFO 10356 --- [main] o.s.b.a.e.mvc.EndpointHandlerMapping     : Mapped "{[/loggers/{name:.*}],methods=[POST],consumes=[application/vnd.spring-boot.actuator.v1+json || application/json],produces=[application/vnd.spring-boot.actuator.v1+json || application/json]}" onto public java.lang.Object org.springframework.boot.actuate.endpoint.mvc.LoggersMvcEndpoint.set(java.lang.String,java.util.Map<java.lang.String, java.lang.String>)
2017-08-08 11:19:55.985  INFO 10356 --- [main] o.s.b.a.e.mvc.EndpointHandlerMapping     : Mapped "{[/loggers || /loggers.json],methods=[GET],produces=[application/vnd.spring-boot.actuator.v1+json || application/json]}" onto public java.lang.Object org.springframework.boot.actuate.endpoint.mvc.EndpointMvcAdapter.invoke()
2017-08-08 11:19:55.986  INFO 10356 --- [main] o.s.b.a.e.mvc.EndpointHandlerMapping     : Mapped "{[/archaius || /archaius.json],methods=[GET],produces=[application/vnd.spring-boot.actuator.v1+json || application/json]}" onto public java.lang.Object org.springframework.boot.actuate.endpoint.mvc.EndpointMvcAdapter.invoke()
2017-08-08 11:19:55.987  INFO 10356 --- [main] o.s.b.a.e.mvc.EndpointHandlerMapping     : Mapped "{[/mappings || /mappings.json],methods=[GET],produces=[application/vnd.spring-boot.actuator.v1+json || application/json]}" onto public java.lang.Object org.springframework.boot.actuate.endpoint.mvc.EndpointMvcAdapter.invoke()
2017-08-08 11:19:55.988  INFO 10356 --- [main] o.s.b.a.e.mvc.EndpointHandlerMapping     : Mapped "{[/dump || /dump.json],methods=[GET],produces=[application/vnd.spring-boot.actuator.v1+json || application/json]}" onto public java.lang.Object org.springframework.boot.actuate.endpoint.mvc.EndpointMvcAdapter.invoke()
2017-08-08 11:19:55.989  INFO 10356 --- [main] o.s.b.a.e.mvc.EndpointHandlerMapping     : Mapped "{[/auditevents || /auditevents.json],methods=[GET],produces=[application/vnd.spring-boot.actuator.v1+json || application/json]}" onto public org.springframework.http.ResponseEntity<?> org.springframework.boot.actuate.endpoint.mvc.AuditEventsMvcEndpoint.findByPrincipalAndAfterAndType(java.lang.String,java.util.Date,java.lang.String)
2017-08-08 11:19:55.991  INFO 10356 --- [main] o.s.b.a.e.mvc.EndpointHandlerMapping     : Mapped "{[/metrics/{name:.*}],methods=[GET],produces=[application/vnd.spring-boot.actuator.v1+json || application/json]}" onto public java.lang.Object org.springframework.boot.actuate.endpoint.mvc.MetricsMvcEndpoint.value(java.lang.String)
2017-08-08 11:19:55.991  INFO 10356 --- [main] o.s.b.a.e.mvc.EndpointHandlerMapping     : Mapped "{[/metrics || /metrics.json],methods=[GET],produces=[application/vnd.spring-boot.actuator.v1+json || application/json]}" onto public java.lang.Object org.springframework.boot.actuate.endpoint.mvc.EndpointMvcAdapter.invoke()
2017-08-08 11:19:55.992  INFO 10356 --- [main] o.s.b.a.e.mvc.EndpointHandlerMapping     : Mapped "{[/trace || /trace.json],methods=[GET],produces=[application/vnd.spring-boot.actuator.v1+json || application/json]}" onto public java.lang.Object org.springframework.boot.actuate.endpoint.mvc.EndpointMvcAdapter.invoke()
2017-08-08 11:19:55.993  INFO 10356 --- [main] o.s.b.a.e.mvc.EndpointHandlerMapping     : Mapped "{[/beans || /beans.json],methods=[GET],produces=[application/vnd.spring-boot.actuator.v1+json || application/json]}" onto public java.lang.Object org.springframework.boot.actuate.endpoint.mvc.EndpointMvcAdapter.invoke()
2017-08-08 11:19:56.156  INFO 10356 --- [main] o.s.ui.freemarker.SpringTemplateLoader   : SpringTemplateLoader for FreeMarker: using resource loader [org.springframework.web.context.support.GenericWebApplicationContext@31977370: startup date [Tue Aug 08 11:19:52 CST 2017]; parent: org.springframework.context.annotation.AnnotationConfigApplicationContext@2a6e1eba] and template loader path [classpath:/templates/]
2017-08-08 11:19:56.157  INFO 10356 --- [main] o.s.w.s.v.f.FreeMarkerConfigurer         : ClassTemplateLoader for Spring macros added to FreeMarker configuration
2017-08-08 11:19:56.423  INFO 10356 --- [main] o.s.c.n.eureka.InstanceInfoFactory       : Setting initial instance status as: STARTING
2017-08-08 11:19:56.464  INFO 10356 --- [main] com.netflix.discovery.DiscoveryClient    : Initializing Eureka in region us-east-1
2017-08-08 11:19:56.465  INFO 10356 --- [main] com.netflix.discovery.DiscoveryClient    : Client configured to neither register nor query for data.
2017-08-08 11:19:56.475  INFO 10356 --- [main] com.netflix.discovery.DiscoveryClient    : Discovery Client initialized at timestamp 1502162396475 with initial instances count: 0
2017-08-08 11:19:56.560  INFO 10356 --- [main] c.n.eureka.DefaultEurekaServerContext    : Initializing ...
2017-08-08 11:19:56.562  INFO 10356 --- [main] c.n.eureka.cluster.PeerEurekaNodes       : Adding new peer nodes [http://192.168.1.100:-1/eureka/]
2017-08-08 11:19:56.820  INFO 10356 --- [main] c.n.d.provider.DiscoveryJerseyProvider   : Using JSON encoding codec LegacyJacksonJson
2017-08-08 11:19:56.820  INFO 10356 --- [main] c.n.d.provider.DiscoveryJerseyProvider   : Using JSON decoding codec LegacyJacksonJson
2017-08-08 11:19:56.821  INFO 10356 --- [main] c.n.d.provider.DiscoveryJerseyProvider   : Using XML encoding codec XStreamXml
2017-08-08 11:19:56.821  INFO 10356 --- [main] c.n.d.provider.DiscoveryJerseyProvider   : Using XML decoding codec XStreamXml
2017-08-08 11:19:57.030  INFO 10356 --- [main] c.n.eureka.cluster.PeerEurekaNodes       : Replica node URL:  http://192.168.1.100:-1/eureka/
2017-08-08 11:19:57.037  INFO 10356 --- [main] c.n.e.registry.AbstractInstanceRegistry  : Finished initializing remote region registries. All known remote regions: []
2017-08-08 11:19:57.038  INFO 10356 --- [main] c.n.eureka.DefaultEurekaServerContext    : Initialized
2017-08-08 11:19:57.670  INFO 10356 --- [main] o.s.c.support.DefaultLifecycleProcessor  : Starting beans in phase 0
2017-08-08 11:19:57.671  INFO 10356 --- [Thread-11] o.s.c.n.e.server.EurekaServerBootstrap   : Setting the eureka configuration..
2017-08-08 11:19:57.672  INFO 10356 --- [Thread-11] o.s.c.n.e.server.EurekaServerBootstrap   : Eureka data center value eureka.datacenter is not set, defaulting to default
2017-08-08 11:19:57.672  INFO 10356 --- [Thread-11] o.s.c.n.e.server.EurekaServerBootstrap   : Eureka environment value eureka.environment is not set, defaulting to test
2017-08-08 11:19:57.687  INFO 10356 --- [Thread-11] o.s.c.n.e.server.EurekaServerBootstrap   : isAws returned false
2017-08-08 11:19:57.687  INFO 10356 --- [Thread-11] o.s.c.n.e.server.EurekaServerBootstrap   : Initialized server context
2017-08-08 11:19:57.688  INFO 10356 --- [Thread-11] c.n.e.r.PeerAwareInstanceRegistryImpl    : Got 1 instances from neighboring DS node
2017-08-08 11:19:57.688  INFO 10356 --- [Thread-11] c.n.e.r.PeerAwareInstanceRegistryImpl    : Renew threshold is: 1
2017-08-08 11:19:57.688  INFO 10356 --- [Thread-11] c.n.e.r.PeerAwareInstanceRegistryImpl    : Changing status to UP
2017-08-08 11:19:57.718  INFO 10356 --- [Thread-11] e.s.EurekaServerInitializerConfiguration : Started Eureka Server
2017-08-08 11:19:57.718  INFO 10356 --- [main] com.jedi.EurekaServiceApplicationTests   : Started EurekaServiceApplicationTests in 6.075 seconds (JVM running for 6.743)
2017-08-08 11:19:57.761  INFO 10356 --- [Thread-12] o.s.w.c.s.GenericWebApplicationContext   : Closing org.springframework.web.context.support.GenericWebApplicationContext@31977370: startup date [Tue Aug 08 11:19:52 CST 2017]; parent: org.springframework.context.annotation.AnnotationConfigApplicationContext@2a6e1eba
2017-08-08 11:19:57.762  INFO 10356 --- [Thread-12] o.s.c.n.e.s.EurekaServiceRegistry        : Unregistering application eureka-server with eureka with status DOWN
2017-08-08 11:19:57.763  INFO 10356 --- [Thread-12] com.netflix.discovery.DiscoveryClient    : Shutting down DiscoveryClient ...
2017-08-08 11:19:57.763  INFO 10356 --- [Thread-12] com.netflix.discovery.DiscoveryClient    : Completed shut down of DiscoveryClient
2017-08-08 11:19:57.764  INFO 10356 --- [Thread-12] o.s.c.support.DefaultLifecycleProcessor  : Stopping beans in phase 0
2017-08-08 11:19:57.766  INFO 10356 --- [Thread-12] c.n.eureka.DefaultEurekaServerContext    : Shutting down ...
2017-08-08 11:19:57.768  INFO 10356 --- [Thread-12] c.n.eureka.DefaultEurekaServerContext    : Shut down
